<?xml version="1.0" encoding="UTF-8"?>
<!-- Generated by org.testng.reporters.JUnitXMLReporter -->
<testsuite ignored="2" hostname="DESKTOP-FTNMASF" failures="1" tests="1" name="Surefire test" time="21.726" errors="0" timestamp="2026-04-28T15:49:50 IST">
  <testcase classname="com.hrms.tests.DesignationmasterTest" name="testAdddesignation" time="21.603">
    <failure type="org.openqa.selenium.TimeoutException" message="Expected condition failed: waiting for element to be clickable: By.xpath: //button[contains(., &amp;apos;Add Designation&amp;apos;)] (tried for 20 second(s) with 500 milliseconds interval)
Build info: version: &amp;apos;4.21.0&amp;apos;, revision: &amp;apos;79ed462ef4&amp;apos;
System info: os.name: &amp;apos;Windows 10&amp;apos;, os.arch: &amp;apos;amd64&amp;apos;, os.version: &amp;apos;10.0&amp;apos;, java.version: &amp;apos;17.0.12&amp;apos;
Driver info: org.openqa.selenium.chrome.ChromeDriver
Capabilities {acceptInsecureCerts: false, browserName: chrome, browserVersion: 147.0.7727.102, chrome: {chromedriverVersion: 147.0.7727.117 (474cc805edd..., userDataDir: C:\Users\POOJA~1.KAR\AppDat...}, fedcm:accounts: true, goog:chromeOptions: {debuggerAddress: localhost:56928}, goog:processID: 10772, networkConnectionEnabled: false, pageLoadStrategy: normal, platformName: windows, proxy: Proxy(), se:cdp: ws://localhost:56928/devtoo..., se:cdpVersion: 147.0.7727.102, setWindowRect: true, strictFileInteractability: false, timeouts: {implicit: 0, pageLoad: 300000, script: 30000}, unhandledPromptBehavior: dismiss and notify, webauthn:extension:credBlob: true, webauthn:extension:largeBlob: true, webauthn:extension:minPinLength: true, webauthn:extension:prf: true, webauthn:virtualAuthenticators: true}
Session ID: 0261f4dc8572b03fb4ebafde77733717">
      <![CDATA[org.openqa.selenium.TimeoutException: Expected condition failed: waiting for element to be clickable: By.xpath: //button[contains(., 'Add Designation')] (tried for 20 second(s) with 500 milliseconds interval)
Build info: version: '4.21.0', revision: '79ed462ef4'
System info: os.name: 'Windows 10', os.arch: 'amd64', os.version: '10.0', java.version: '17.0.12'
Driver info: org.openqa.selenium.chrome.ChromeDriver
Capabilities {acceptInsecureCerts: false, browserName: chrome, browserVersion: 147.0.7727.102, chrome: {chromedriverVersion: 147.0.7727.117 (474cc805edd..., userDataDir: C:\Users\POOJA~1.KAR\AppDat...}, fedcm:accounts: true, goog:chromeOptions: {debuggerAddress: localhost:56928}, goog:processID: 10772, networkConnectionEnabled: false, pageLoadStrategy: normal, platformName: windows, proxy: Proxy(), se:cdp: ws://localhost:56928/devtoo..., se:cdpVersion: 147.0.7727.102, setWindowRect: true, strictFileInteractability: false, timeouts: {implicit: 0, pageLoad: 300000, script: 30000}, unhandledPromptBehavior: dismiss and notify, webauthn:extension:credBlob: true, webauthn:extension:largeBlob: true, webauthn:extension:minPinLength: true, webauthn:extension:prf: true, webauthn:virtualAuthenticators: true}
Session ID: 0261f4dc8572b03fb4ebafde77733717
at org.openqa.selenium.support.ui.WebDriverWait.timeoutException(WebDriverWait.java:84)
at org.openqa.selenium.support.ui.FluentWait.until(FluentWait.java:228)
at com.hrms.pages.BasePage.waitClickable(BasePage.java:33)
at com.hrms.pages.DesignationmasterPage.clickAddDesignation(DesignationmasterPage.java:49)
at com.hrms.tests.DesignationmasterTest.testAdddesignation(DesignationmasterTest.java:38)
at java.base/java.util.ArrayList.forEach(ArrayList.java:1511)
... Removed 32 stack frames]]>
    </failure>
  </testcase> <!-- testAdddesignation -->
  <testcase classname="com.hrms.tests.DesignationmasterTest" name="testDuplicateDesignationValidation" time="0.0">
    <ignored/>
  </testcase> <!-- testDuplicateDesignationValidation -->
  <testcase classname="com.hrms.tests.DesignationmasterTest" name="testDeleteCompany" time="0.0">
    <ignored/>
  </testcase> <!-- testDeleteCompany -->
</testsuite> <!-- Surefire test -->
