<?xml version="1.0" encoding="UTF-8"?>
<!-- Generated by org.testng.reporters.JUnitXMLReporter -->
<testsuite ignored="0" hostname="DESKTOP-FTNMASF" failures="2" tests="6" name="Surefire test" time="117.01" errors="0" timestamp="2026-05-11T13:24:54 IST">
  <testcase classname="com.hrms.tests.LettermanagementMasterTest" name="testPageTitle" time="5.374"/>
  <testcase classname="com.hrms.tests.LettermanagementMasterTest" name="testSelectTemplate" time="4.032"/>
  <testcase classname="com.hrms.tests.LettermanagementMasterTest" name="testSelectFieldVariable" time="45.004">
    <failure type="java.lang.AssertionError" message="Field dropdown should show &amp;apos;candidateName&amp;apos; after selection expected [candidateName] but found [Select a Template]">
      <![CDATA[java.lang.AssertionError: Field dropdown should show 'candidateName' after selection expected [candidateName] but found [Select a Template]
at com.hrms.tests.LettermanagementMasterTest.testSelectFieldVariable(LettermanagementMasterTest.java:64)
at java.base/java.util.ArrayList.forEach(ArrayList.java:1511)
... Removed 37 stack frames]]>
    </failure>
  </testcase> <!-- testSelectFieldVariable -->
  <testcase classname="com.hrms.tests.LettermanagementMasterTest" name="testEditorAcceptsInput" time="4.895"/>
  <testcase classname="com.hrms.tests.LettermanagementMasterTest" name="testMandatoryValidation" time="6.672">
    <failure type="java.lang.AssertionError" message="Required-field validation should be shown when the form is submitted empty expected [true] but found [false]">
      <![CDATA[java.lang.AssertionError: Required-field validation should be shown when the form is submitted empty expected [true] but found [false]
at com.hrms.tests.LettermanagementMasterTest.testMandatoryValidation(LettermanagementMasterTest.java:92)
at java.base/java.util.ArrayList.forEach(ArrayList.java:1511)
... Removed 35 stack frames]]>
    </failure>
  </testcase> <!-- testMandatoryValidation -->
  <testcase classname="com.hrms.tests.LettermanagementMasterTest" name="testSubmitWithValidData" time="47.1"/>
</testsuite> <!-- Surefire test -->
