<?xml version="1.0" encoding="UTF-8"?>
<!-- Generated by org.testng.reporters.JUnitXMLReporter -->
<testsuite ignored="0" hostname="DESKTOP-FTNMASF" failures="0" tests="4" name="Branch Master Tests" time="26.725" errors="0" timestamp="2026-04-28T16:48:23 IST">
  <testcase classname="com.hrms.tests.BranchMasterTest" name="testEmptyBranchValidation" time="3.638"/>
  <testcase classname="com.hrms.tests.BranchMasterTest" name="testAddBranch" time="4.615"/>
  <testcase classname="com.hrms.tests.BranchMasterTest" name="testBranchNameWithNumbers" time="8.961"/>
  <testcase classname="com.hrms.tests.BranchMasterTest" name="testInvalidPhoneNumber" time="9.414"/>
</testsuite> <!-- Branch Master Tests -->
