<?xml version="1.0" encoding="UTF-8"?>
<!-- Generated by org.testng.reporters.JUnitXMLReporter -->
<testsuite ignored="0" hostname="DESKTOP-FTNMASF" failures="0" tests="4" name="Branch Master Tests" time="61.616" errors="0" timestamp="2026-05-11T13:31:28 IST">
  <testcase classname="com.hrms.tests.BranchMasterTest" name="testEmptyBranchValidation" time="3.825"/>
  <testcase classname="com.hrms.tests.BranchMasterTest" name="testAddBranch" time="5.441"/>
  <testcase classname="com.hrms.tests.BranchMasterTest" name="testBranchNameWithNumbers" time="41.587"/>
  <testcase classname="com.hrms.tests.BranchMasterTest" name="testInvalidPhoneNumber" time="10.7"/>
</testsuite> <!-- Branch Master Tests -->
