<?xml version="1.0" encoding="UTF-8"?>
<!-- Generated by org.testng.reporters.JUnitXMLReporter -->
<testsuite ignored="0" hostname="DESKTOP-FTNMASF" failures="1" tests="3" name="Company Master Tests" time="14.066" errors="0" timestamp="2026-04-28T16:48:38 IST">
  <testcase classname="com.hrms.tests.CompanyMasterTest" name="testAddCompany" time="5.102"/>
  <testcase classname="com.hrms.tests.CompanyMasterTest" name="testDuplicateCompanyValidation" time="6.387">
    <failure type="java.lang.AssertionError" message="Duplicate-company error should appear expected [true] but found [false]">
      <![CDATA[java.lang.AssertionError: Duplicate-company error should appear expected [true] but found [false]
at com.hrms.tests.CompanyMasterTest.testDuplicateCompanyValidation(CompanyMasterTest.java:61)
at java.base/java.util.ArrayList.forEach(ArrayList.java:1511)
... Removed 34 stack frames]]>
    </failure>
  </testcase> <!-- testDuplicateCompanyValidation -->
  <testcase classname="com.hrms.tests.CompanyMasterTest" name="testDeleteCompany" time="1.801"/>
</testsuite> <!-- Company Master Tests -->
