<?xml version="1.0" encoding="UTF-8"?>
<!-- Generated by org.testng.reporters.JUnitXMLReporter -->
<testsuite ignored="0" hostname="DESKTOP-FTNMASF" failures="2" tests="3" name="Company Master Tests" time="30.082" errors="0" timestamp="2026-04-24T18:09:24 IST">
  <testcase classname="com.hrms.tests.CompanyMasterTest" name="testAddCompany" time="4.681"/>
  <testcase classname="com.hrms.tests.CompanyMasterTest" name="testDuplicateCompanyValidation" time="4.584">
    <failure type="java.lang.AssertionError" message="Duplicate-company error should appear expected [true] but found [false]">
      <![CDATA[java.lang.AssertionError: Duplicate-company error should appear expected [true] but found [false]
at com.hrms.tests.CompanyMasterTest.testDuplicateCompanyValidation(CompanyMasterTest.java:61)
at java.base/java.util.ArrayList.forEach(ArrayList.java:1511)
... Removed 34 stack frames]]>
    </failure>
  </testcase> <!-- testDuplicateCompanyValidation -->
  <testcase classname="com.hrms.tests.CompanyMasterTest" name="testDeleteCompany" time="20.787">
    <failure type="org.openqa.selenium.TimeoutException" message="Expected condition failed: waiting for element to be clickable: By.cssSelector: table tbody tr:last-child button (tried for 20 second(s) with 500 milliseconds interval)
Build info: version: &amp;apos;4.21.0&amp;apos;, revision: &amp;apos;79ed462ef4&amp;apos;
System info: os.name: &amp;apos;Windows 10&amp;apos;, os.arch: &amp;apos;amd64&amp;apos;, os.version: &amp;apos;10.0&amp;apos;, java.version: &amp;apos;17.0.12&amp;apos;
Driver info: org.openqa.selenium.chrome.ChromeDriver
Capabilities {acceptInsecureCerts: false, browserName: chrome, browserVersion: 147.0.7727.102, chrome: {chromedriverVersion: 147.0.7727.117 (474cc805edd..., userDataDir: C:\Users\POOJA~1.KAR\AppDat...}, fedcm:accounts: true, goog:chromeOptions: {debuggerAddress: localhost:60813}, goog:processID: 19876, networkConnectionEnabled: false, pageLoadStrategy: normal, platformName: windows, proxy: Proxy(), se:cdp: ws://localhost:60813/devtoo..., se:cdpVersion: 147.0.7727.102, setWindowRect: true, strictFileInteractability: false, timeouts: {implicit: 0, pageLoad: 300000, script: 30000}, unhandledPromptBehavior: dismiss and notify, webauthn:extension:credBlob: true, webauthn:extension:largeBlob: true, webauthn:extension:minPinLength: true, webauthn:extension:prf: true, webauthn:virtualAuthenticators: true}
Session ID: 3c27c332d23501a14018e6516401fa78">
      <![CDATA[org.openqa.selenium.TimeoutException: Expected condition failed: waiting for element to be clickable: By.cssSelector: table tbody tr:last-child button (tried for 20 second(s) with 500 milliseconds interval)
Build info: version: '4.21.0', revision: '79ed462ef4'
System info: os.name: 'Windows 10', os.arch: 'amd64', os.version: '10.0', java.version: '17.0.12'
Driver info: org.openqa.selenium.chrome.ChromeDriver
Capabilities {acceptInsecureCerts: false, browserName: chrome, browserVersion: 147.0.7727.102, chrome: {chromedriverVersion: 147.0.7727.117 (474cc805edd..., userDataDir: C:\Users\POOJA~1.KAR\AppDat...}, fedcm:accounts: true, goog:chromeOptions: {debuggerAddress: localhost:60813}, goog:processID: 19876, networkConnectionEnabled: false, pageLoadStrategy: normal, platformName: windows, proxy: Proxy(), se:cdp: ws://localhost:60813/devtoo..., se:cdpVersion: 147.0.7727.102, setWindowRect: true, strictFileInteractability: false, timeouts: {implicit: 0, pageLoad: 300000, script: 30000}, unhandledPromptBehavior: dismiss and notify, webauthn:extension:credBlob: true, webauthn:extension:largeBlob: true, webauthn:extension:minPinLength: true, webauthn:extension:prf: true, webauthn:virtualAuthenticators: true}
Session ID: 3c27c332d23501a14018e6516401fa78
at org.openqa.selenium.support.ui.WebDriverWait.timeoutException(WebDriverWait.java:84)
at org.openqa.selenium.support.ui.FluentWait.until(FluentWait.java:228)
at com.hrms.pages.BasePage.waitClickable(BasePage.java:33)
at com.hrms.pages.CompanyMasterPage.deleteLastCompany(CompanyMasterPage.java:54)
at com.hrms.tests.CompanyMasterTest.testDeleteCompany(CompanyMasterTest.java:73)
at java.base/java.util.ArrayList.forEach(ArrayList.java:1511)
... Removed 31 stack frames]]>
    </failure>
  </testcase> <!-- testDeleteCompany -->
</testsuite> <!-- Company Master Tests -->
