<?xml version="1.0" encoding="UTF-8"?>
<!-- Generated by org.testng.reporters.JUnitXMLReporter -->
<testsuite ignored="0" hostname="DESKTOP-FTNMASF" failures="1" tests="3" name="Department Master Tests" time="32.045" errors="0" timestamp="2026-04-28T16:49:50 IST">
  <testcase classname="com.hrms.tests.DepartmentmasterTest" name="testAddDepartment" time="4.846"/>
  <testcase classname="com.hrms.tests.DepartmentmasterTest" name="testDuplicateDepartmentValidation" time="6.218">
    <failure type="java.lang.AssertionError" message="Duplicate-Department error should appear expected [true] but found [false]">
      <![CDATA[java.lang.AssertionError: Duplicate-Department error should appear expected [true] but found [false]
at com.hrms.tests.DepartmentmasterTest.testDuplicateDepartmentValidation(DepartmentmasterTest.java:58)
at java.base/java.util.ArrayList.forEach(ArrayList.java:1511)
... Removed 34 stack frames]]>
    </failure>
  </testcase> <!-- testDuplicateDepartmentValidation -->
  <testcase classname="com.hrms.tests.DepartmentmasterTest" name="testDeleteDepartment" time="20.949"/>
</testsuite> <!-- Department Master Tests -->
