<?xml version="1.0" encoding="UTF-8"?>
<!-- Generated by org.testng.reporters.JUnitXMLReporter -->
<testsuite ignored="0" hostname="DESKTOP-FTNMASF" failures="0" tests="3" name="Department Master Tests" time="17.975" errors="0" timestamp="2026-05-11T13:32:50 IST">
  <testcase classname="com.hrms.tests.DepartmentmasterTest" name="testAddDepartment" time="5.096"/>
  <testcase classname="com.hrms.tests.DepartmentmasterTest" name="testDuplicateDepartmentValidation" time="11.251"/>
  <testcase classname="com.hrms.tests.DepartmentmasterTest" name="testDeleteDepartment" time="1.603"/>
</testsuite> <!-- Department Master Tests -->
