<?xml version="1.0" encoding="UTF-8"?>
<!-- Generated by org.testng.reporters.JUnitXMLReporter -->
<testsuite ignored="0" hostname="DESKTOP-FTNMASF" failures="3" tests="3" name="Designation master Tests" time="30.896" errors="0" timestamp="2026-04-24T18:10:23 IST">
  <testcase classname="com.hrms.tests.DesignationmasterTest" name="testAdddesignation" time="4.098">
    <failure type="java.lang.UnsupportedOperationException" message="Unimplemented method &amp;apos;FillDesignationForm&amp;apos;">
      <![CDATA[java.lang.UnsupportedOperationException: Unimplemented method 'FillDesignationForm'
at com.hrms.pages.DesignationmasterPage.FillDesignationForm(DesignationmasterPage.java:67)
at com.hrms.tests.DesignationmasterTest.testAdddesignation(DesignationmasterTest.java:39)
at java.base/java.util.ArrayList.forEach(ArrayList.java:1511)
... Removed 31 stack frames]]>
    </failure>
  </testcase> <!-- testAdddesignation -->
  <testcase classname="com.hrms.tests.DesignationmasterTest" name="testDuplicateDesignationValidation" time="24.289">
    <failure type="org.openqa.selenium.TimeoutException" message="Expected condition failed: waiting for visibility of element located by By.xpath: //input[@placeholder=&amp;apos;Enter Designation name&amp;apos;] (tried for 20 second(s) with 500 milliseconds interval)
Build info: version: &amp;apos;4.21.0&amp;apos;, revision: &amp;apos;79ed462ef4&amp;apos;
System info: os.name: &amp;apos;Windows 10&amp;apos;, os.arch: &amp;apos;amd64&amp;apos;, os.version: &amp;apos;10.0&amp;apos;, java.version: &amp;apos;17.0.12&amp;apos;
Driver info: org.openqa.selenium.chrome.ChromeDriver
Capabilities {acceptInsecureCerts: false, browserName: chrome, browserVersion: 147.0.7727.102, chrome: {chromedriverVersion: 147.0.7727.117 (474cc805edd..., userDataDir: C:\Users\POOJA~1.KAR\AppDat...}, fedcm:accounts: true, goog:chromeOptions: {debuggerAddress: localhost:60813}, goog:processID: 19876, networkConnectionEnabled: false, pageLoadStrategy: normal, platformName: windows, proxy: Proxy(), se:cdp: ws://localhost:60813/devtoo..., se:cdpVersion: 147.0.7727.102, setWindowRect: true, strictFileInteractability: false, timeouts: {implicit: 0, pageLoad: 300000, script: 30000}, unhandledPromptBehavior: dismiss and notify, webauthn:extension:credBlob: true, webauthn:extension:largeBlob: true, webauthn:extension:minPinLength: true, webauthn:extension:prf: true, webauthn:virtualAuthenticators: true}
Session ID: 3c27c332d23501a14018e6516401fa78">
      <![CDATA[org.openqa.selenium.TimeoutException: Expected condition failed: waiting for visibility of element located by By.xpath: //input[@placeholder='Enter Designation name'] (tried for 20 second(s) with 500 milliseconds interval)
Build info: version: '4.21.0', revision: '79ed462ef4'
System info: os.name: 'Windows 10', os.arch: 'amd64', os.version: '10.0', java.version: '17.0.12'
Driver info: org.openqa.selenium.chrome.ChromeDriver
Capabilities {acceptInsecureCerts: false, browserName: chrome, browserVersion: 147.0.7727.102, chrome: {chromedriverVersion: 147.0.7727.117 (474cc805edd..., userDataDir: C:\Users\POOJA~1.KAR\AppDat...}, fedcm:accounts: true, goog:chromeOptions: {debuggerAddress: localhost:60813}, goog:processID: 19876, networkConnectionEnabled: false, pageLoadStrategy: normal, platformName: windows, proxy: Proxy(), se:cdp: ws://localhost:60813/devtoo..., se:cdpVersion: 147.0.7727.102, setWindowRect: true, strictFileInteractability: false, timeouts: {implicit: 0, pageLoad: 300000, script: 30000}, unhandledPromptBehavior: dismiss and notify, webauthn:extension:credBlob: true, webauthn:extension:largeBlob: true, webauthn:extension:minPinLength: true, webauthn:extension:prf: true, webauthn:virtualAuthenticators: true}
Session ID: 3c27c332d23501a14018e6516401fa78
at org.openqa.selenium.support.ui.WebDriverWait.timeoutException(WebDriverWait.java:84)
at org.openqa.selenium.support.ui.FluentWait.until(FluentWait.java:228)
at com.hrms.pages.BasePage.waitVisible(BasePage.java:29)
at com.hrms.pages.DesignationmasterPage.fillDesignationForm(DesignationmasterPage.java:38)
at com.hrms.tests.DesignationmasterTest.testDuplicateDesignationValidation(DesignationmasterTest.java:58)
at java.base/java.util.ArrayList.forEach(ArrayList.java:1511)
... Removed 31 stack frames]]>
    </failure>
  </testcase> <!-- testDuplicateDesignationValidation -->
  <testcase classname="com.hrms.tests.DesignationmasterTest" name="testDeleteCompany" time="2.464">
    <failure type="java.lang.UnsupportedOperationException" message="Unimplemented method &amp;apos;deleteLastDesignation&amp;apos;">
      <![CDATA[java.lang.UnsupportedOperationException: Unimplemented method 'deleteLastDesignation'
at com.hrms.pages.DesignationmasterPage.deleteLastDesignation(DesignationmasterPage.java:82)
at com.hrms.tests.DesignationmasterTest.testDeleteCompany(DesignationmasterTest.java:73)
at java.base/java.util.ArrayList.forEach(ArrayList.java:1511)
... Removed 31 stack frames]]>
    </failure>
  </testcase> <!-- testDeleteCompany -->
</testsuite> <!-- Designation master Tests -->
