<?xml version="1.0" encoding="UTF-8"?>
<!-- Generated by org.testng.reporters.JUnitXMLReporter -->
<testsuite ignored="0" hostname="DESKTOP-FTNMASF" failures="0" tests="3" name="Designation master Tests" time="17.654" errors="0" timestamp="2026-04-29T15:48:57 IST">
  <testcase classname="com.hrms.tests.DesignationmasterTest" name="testAdddesignation" time="4.801"/>
  <testcase classname="com.hrms.tests.DesignationmasterTest" name="testDuplicateDesignationValidation" time="10.884"/>
  <testcase classname="com.hrms.tests.DesignationmasterTest" name="testDeleteCompany" time="1.616"/>
</testsuite> <!-- Designation master Tests -->
