<?xml version="1.0" encoding="UTF-8"?>
<!-- Generated by org.testng.reporters.JUnitXMLReporter -->
<testsuite ignored="0" hostname="DESKTOP-FTNMASF" failures="0" tests="3" name="Division Master Tests" time="36.797" errors="0" timestamp="2026-05-11T13:33:27 IST">
  <testcase classname="com.hrms.tests.DivisionmasterTest" name="testAddDivision" time="4.464"/>
  <testcase classname="com.hrms.tests.DivisionmasterTest" name="testDuplicateDivisionValidation" time="11.34"/>
  <testcase classname="com.hrms.tests.DivisionmasterTest" name="testDeleteDivision" time="20.954"/>
</testsuite> <!-- Division Master Tests -->
