<?xml version="1.0" encoding="UTF-8"?>
<!-- Generated by org.testng.reporters.JUnitXMLReporter -->
<testsuite ignored="0" hostname="DESKTOP-FTNMASF" failures="0" tests="3" name="Division Master Tests" time="36.272" errors="0" timestamp="2026-04-29T15:49:51 IST">
  <testcase classname="com.hrms.tests.DivisionmasterTest" name="testAddDivision" time="4.463"/>
  <testcase classname="com.hrms.tests.DivisionmasterTest" name="testDuplicateDivisionValidation" time="10.687"/>
  <testcase classname="com.hrms.tests.DivisionmasterTest" name="testDeleteDivision" time="21.089"/>
</testsuite> <!-- Division Master Tests -->
