<?xml version="1.0" encoding="UTF-8"?>
<!-- Generated by org.testng.reporters.JUnitXMLReporter -->
<testsuite ignored="0" hostname="DESKTOP-FTNMASF" failures="0" tests="3" name="Grade Master Tests" time="36.704" errors="0" timestamp="2026-04-29T15:50:28 IST">
  <testcase classname="com.hrms.tests.GrademasterTest" name="testAddGrade" time="4.64"/>
  <testcase classname="com.hrms.tests.GrademasterTest" name="testDuplicateGradeValidation" time="10.477"/>
  <testcase classname="com.hrms.tests.GrademasterTest" name="testDeleteGrade" time="21.574"/>
</testsuite> <!-- Grade Master Tests -->
