<?xml version="1.0" encoding="UTF-8"?>
<!-- Generated by org.testng.reporters.JUnitXMLReporter -->
<testsuite ignored="0" hostname="DESKTOP-FTNMASF" failures="0" tests="3" name="Grade Master Tests" time="35.984" errors="0" timestamp="2026-05-11T13:34:03 IST">
  <testcase classname="com.hrms.tests.GrademasterTest" name="testAddGrade" time="4.771"/>
  <testcase classname="com.hrms.tests.GrademasterTest" name="testDuplicateGradeValidation" time="10.581"/>
  <testcase classname="com.hrms.tests.GrademasterTest" name="testDeleteGrade" time="20.587"/>
</testsuite> <!-- Grade Master Tests -->
