<?xml version="1.0" encoding="UTF-8"?>
<!-- Generated by org.testng.reporters.JUnitXMLReporter -->
<testsuite ignored="0" hostname="DESKTOP-FTNMASF" failures="0" tests="3" name="Holiday Master Tests" time="36.451" errors="0" timestamp="2026-05-11T13:34:40 IST">
  <testcase classname="com.hrms.tests.HolidayMasterTest" name="testAddHoliday" time="4.901"/>
  <testcase classname="com.hrms.tests.HolidayMasterTest" name="testDuplicateHolidayValidation" time="10.767"/>
  <testcase classname="com.hrms.tests.HolidayMasterTest" name="testDeleteHoliday" time="20.722"/>
</testsuite> <!-- Holiday Master Tests -->
