<?xml version="1.0" encoding="UTF-8"?>
<!-- Generated by org.testng.reporters.JUnitXMLReporter -->
<testsuite ignored="0" hostname="DESKTOP-FTNMASF" failures="0" tests="2" name="Interview Round Master Tests" time="13.717" errors="0" timestamp="2026-04-28T16:49:06 IST">
  <testcase classname="com.hrms.tests.InterviewRoundMasterTest" name="testAddInterviewRound" time="6.453"/>
  <testcase classname="com.hrms.tests.InterviewRoundMasterTest" name="testBlankInterviewRoundValidation" time="6.386"/>
</testsuite> <!-- Interview Round Master Tests -->
