<?xml version="1.0" encoding="UTF-8"?>
<!-- Generated by org.testng.reporters.JUnitXMLReporter -->
<testsuite ignored="0" hostname="DESKTOP-FTNMASF" failures="0" tests="2" name="Interview Round Master Tests" time="14.292" errors="0" timestamp="2026-04-29T15:48:39 IST">
  <testcase classname="com.hrms.tests.InterviewRoundMasterTest" name="testAddInterviewRound" time="6.838"/>
  <testcase classname="com.hrms.tests.InterviewRoundMasterTest" name="testBlankInterviewRoundValidation" time="6.528"/>
</testsuite> <!-- Interview Round Master Tests -->
