<?xml version="1.0" encoding="UTF-8"?>
<!-- Generated by org.testng.reporters.JUnitXMLReporter -->
<testsuite ignored="0" hostname="DESKTOP-FTNMASF" failures="0" tests="2" name="Interview Master Tests" time="13.498" errors="0" timestamp="2026-04-29T15:48:24 IST">
  <testcase classname="com.hrms.tests.InterviewModeTest" name="testAddInterviewMode" time="6.129"/>
  <testcase classname="com.hrms.tests.InterviewModeTest" name="testBlankInterviewModeValidation" time="6.45"/>
</testsuite> <!-- Interview Master Tests -->
