<?xml version="1.0" encoding="UTF-8"?>
<!-- Generated by org.testng.reporters.JUnitXMLReporter -->
<testsuite ignored="0" hostname="DESKTOP-FTNMASF" failures="0" tests="2" name="Interview Master Tests" time="13.923" errors="0" timestamp="2026-04-24T18:09:38 IST">
  <testcase classname="com.hrms.tests.InterviewModeTest" name="testAddInterviewMode" time="6.539"/>
  <testcase classname="com.hrms.tests.InterviewModeTest" name="testBlankInterviewModeValidation" time="6.358"/>
</testsuite> <!-- Interview Master Tests -->
