<?xml version="1.0" encoding="UTF-8"?>
<!-- Generated by org.testng.reporters.JUnitXMLReporter -->
<testsuite ignored="0" hostname="DESKTOP-FTNMASF" failures="0" tests="3" name="Location Master Tests" time="64.353" errors="0" timestamp="2026-05-11T13:35:44 IST">
  <testcase classname="com.hrms.tests.LocationMasterTest" name="testAddLocation" time="6.925"/>
  <testcase classname="com.hrms.tests.LocationMasterTest" name="testDuplicateLocationValidation" time="14.896"/>
  <testcase classname="com.hrms.tests.LocationMasterTest" name="testDeleteLocation" time="42.524"/>
</testsuite> <!-- Location Master Tests -->
