<?xml version="1.0" encoding="UTF-8"?>
<testng-results ignored="0" total="18" passed="15" failed="3" skipped="0">
  <reporter-output>
  </reporter-output>
  <suite started-at="2026-04-28T16:47:40 IST" name="HRMS Test Suite" finished-at="2026-04-28T16:49:50 IST" duration-ms="130000">
    <groups>
    </groups>
    <test started-at="2026-04-28T16:47:40 IST" name="Login Tests" finished-at="2026-04-28T16:47:52 IST" duration-ms="11196">
      <class name="com.hrms.tests.LoginTest">
        <test-method is-config="true" signature="initPage()[pri:0, instance:com.hrms.tests.LoginTest@1a451d4d]" started-at="2026-04-28T16:47:40 IST" name="initPage" finished-at="2026-04-28T16:47:40 IST" duration-ms="2" status="PASS">
          <reporter-output>
          </reporter-output>
        </test-method> <!-- initPage -->
        <test-method signature="testValidLogin()[pri:1, instance:com.hrms.tests.LoginTest@1a451d4d]" started-at="2026-04-28T16:47:40 IST" name="testValidLogin" description="Valid credentials should redirect to the dashboard" finished-at="2026-04-28T16:47:52 IST" duration-ms="11137" status="PASS">
          <reporter-output>
          </reporter-output>
        </test-method> <!-- testValidLogin -->
      </class> <!-- com.hrms.tests.LoginTest -->
    </test> <!-- Login Tests -->
    <test started-at="2026-04-28T16:47:56 IST" name="Branch Master Tests" finished-at="2026-04-28T16:48:23 IST" duration-ms="26725">
      <class name="com.hrms.tests.BranchMasterTest">
        <test-method is-config="true" signature="loginAndInitPage()[pri:0, instance:com.hrms.tests.BranchMasterTest@79e2c065]" started-at="2026-04-28T16:47:56 IST" name="loginAndInitPage" finished-at="2026-04-28T16:47:56 IST" duration-ms="44" status="PASS">
          <reporter-output>
          </reporter-output>
        </test-method> <!-- loginAndInitPage -->
        <test-method signature="testEmptyBranchValidation()[pri:1, instance:com.hrms.tests.BranchMasterTest@79e2c065]" started-at="2026-04-28T16:47:56 IST" name="testEmptyBranchValidation" description="Submitting an empty branch form should show required-field errors" finished-at="2026-04-28T16:48:00 IST" duration-ms="3638" status="PASS">
          <reporter-output>
          </reporter-output>
        </test-method> <!-- testEmptyBranchValidation -->
        <test-method signature="testAddBranch()[pri:2, instance:com.hrms.tests.BranchMasterTest@79e2c065]" started-at="2026-04-28T16:48:00 IST" name="testAddBranch" description="A fully filled branch form should submit without errors" finished-at="2026-04-28T16:48:05 IST" duration-ms="4615" status="PASS">
          <reporter-output>
          </reporter-output>
        </test-method> <!-- testAddBranch -->
        <test-method signature="testBranchNameWithNumbers()[pri:3, instance:com.hrms.tests.BranchMasterTest@79e2c065]" started-at="2026-04-28T16:48:05 IST" name="testBranchNameWithNumbers" description="Branch name should not accept numeric values" finished-at="2026-04-28T16:48:14 IST" duration-ms="8961" status="PASS">
          <reporter-output>
          </reporter-output>
        </test-method> <!-- testBranchNameWithNumbers -->
        <test-method signature="testInvalidPhoneNumber()[pri:4, instance:com.hrms.tests.BranchMasterTest@79e2c065]" started-at="2026-04-28T16:48:14 IST" name="testInvalidPhoneNumber" description="Phone number should be exactly 10 digits" finished-at="2026-04-28T16:48:23 IST" duration-ms="9414" status="PASS">
          <reporter-output>
          </reporter-output>
        </test-method> <!-- testInvalidPhoneNumber -->
      </class> <!-- com.hrms.tests.BranchMasterTest -->
    </test> <!-- Branch Master Tests -->
    <test started-at="2026-04-28T16:48:24 IST" name="Company Master Tests" finished-at="2026-04-28T16:48:38 IST" duration-ms="14066">
      <class name="com.hrms.tests.CompanyMasterTest">
        <test-method is-config="true" signature="loginAndInitPage()[pri:0, instance:com.hrms.tests.CompanyMasterTest@72967906]" started-at="2026-04-28T16:48:24 IST" name="loginAndInitPage" finished-at="2026-04-28T16:48:24 IST" duration-ms="332" status="PASS">
          <reporter-output>
          </reporter-output>
        </test-method> <!-- loginAndInitPage -->
        <test-method signature="testAddCompany()[pri:1, instance:com.hrms.tests.CompanyMasterTest@72967906]" started-at="2026-04-28T16:48:24 IST" name="testAddCompany" description="Adding a new company with valid data should succeed" finished-at="2026-04-28T16:48:30 IST" duration-ms="5102" status="PASS">
          <reporter-output>
          </reporter-output>
        </test-method> <!-- testAddCompany -->
        <test-method signature="testDuplicateCompanyValidation()[pri:2, instance:com.hrms.tests.CompanyMasterTest@72967906]" started-at="2026-04-28T16:48:30 IST" name="testDuplicateCompanyValidation" description="Adding a company that already exists should show a duplicate error" finished-at="2026-04-28T16:48:36 IST" duration-ms="6387" status="FAIL">
          <exception class="java.lang.AssertionError">
            <message>
              <![CDATA[Duplicate-company error should appear expected [true] but found [false]]]>
            </message>
            <full-stacktrace>
              <![CDATA[java.lang.AssertionError: Duplicate-company error should appear expected [true] but found [false]
at org.testng.Assert.fail(Assert.java:111)
at org.testng.Assert.failNotEquals(Assert.java:1578)
at org.testng.Assert.assertTrue(Assert.java:57)
at com.hrms.tests.CompanyMasterTest.testDuplicateCompanyValidation(CompanyMasterTest.java:61)
at java.base/jdk.internal.reflect.NativeMethodAccessorImpl.invoke0(Native Method)
at java.base/jdk.internal.reflect.NativeMethodAccessorImpl.invoke(NativeMethodAccessorImpl.java:77)
at java.base/jdk.internal.reflect.DelegatingMethodAccessorImpl.invoke(DelegatingMethodAccessorImpl.java:43)
at java.base/java.lang.reflect.Method.invoke(Method.java:568)
at org.testng.internal.invokers.MethodInvocationHelper.invokeMethod(MethodInvocationHelper.java:141)
at org.testng.internal.invokers.TestInvoker.invokeMethod(TestInvoker.java:686)
at org.testng.internal.invokers.TestInvoker.invokeTestMethod(TestInvoker.java:230)
at org.testng.internal.invokers.MethodRunner.runInSequence(MethodRunner.java:63)
at org.testng.internal.invokers.TestInvoker$MethodInvocationAgent.invoke(TestInvoker.java:992)
at org.testng.internal.invokers.TestInvoker.invokeTestMethods(TestInvoker.java:203)
at org.testng.internal.invokers.TestMethodWorker.invokeTestMethods(TestMethodWorker.java:154)
at org.testng.internal.invokers.TestMethodWorker.run(TestMethodWorker.java:134)
at java.base/java.util.ArrayList.forEach(ArrayList.java:1511)
at org.testng.TestRunner.privateRun(TestRunner.java:739)
at org.testng.TestRunner.run(TestRunner.java:614)
at org.testng.SuiteRunner.runTest(SuiteRunner.java:421)
at org.testng.SuiteRunner.runSequentially(SuiteRunner.java:413)
at org.testng.SuiteRunner.privateRun(SuiteRunner.java:373)
at org.testng.SuiteRunner.run(SuiteRunner.java:312)
at org.testng.SuiteRunnerWorker.runSuite(SuiteRunnerWorker.java:52)
at org.testng.SuiteRunnerWorker.run(SuiteRunnerWorker.java:95)
at org.testng.TestNG.runSuitesSequentially(TestNG.java:1274)
at org.testng.TestNG.runSuitesLocally(TestNG.java:1208)
at org.testng.TestNG.runSuites(TestNG.java:1112)
at org.testng.TestNG.run(TestNG.java:1079)
at org.apache.maven.surefire.testng.TestNGExecutor.run(TestNGExecutor.java:308)
at org.apache.maven.surefire.testng.TestNGXmlTestSuite.execute(TestNGXmlTestSuite.java:71)
at org.apache.maven.surefire.testng.TestNGProvider.invoke(TestNGProvider.java:113)
at org.apache.maven.surefire.booter.ForkedBooter.runSuitesInProcess(ForkedBooter.java:385)
at org.apache.maven.surefire.booter.ForkedBooter.execute(ForkedBooter.java:162)
at org.apache.maven.surefire.booter.ForkedBooter.run(ForkedBooter.java:507)
at org.apache.maven.surefire.booter.ForkedBooter.main(ForkedBooter.java:495)
]]>
            </full-stacktrace>
          </exception> <!-- java.lang.AssertionError -->
          <reporter-output>
          </reporter-output>
        </test-method> <!-- testDuplicateCompanyValidation -->
        <test-method signature="testDeleteCompany()[pri:3, instance:com.hrms.tests.CompanyMasterTest@72967906]" started-at="2026-04-28T16:48:36 IST" name="testDeleteCompany" description="Deleting the last company in the list should complete without error" finished-at="2026-04-28T16:48:38 IST" duration-ms="1801" status="PASS">
          <reporter-output>
          </reporter-output>
        </test-method> <!-- testDeleteCompany -->
      </class> <!-- com.hrms.tests.CompanyMasterTest -->
    </test> <!-- Company Master Tests -->
    <test started-at="2026-04-28T16:48:38 IST" name="Interview Master Tests" finished-at="2026-04-28T16:48:52 IST" duration-ms="13666">
      <class name="com.hrms.tests.InterviewModeTest">
        <test-method is-config="true" signature="loginAndInitPage()[pri:0, instance:com.hrms.tests.InterviewModeTest@55183b20]" started-at="2026-04-28T16:48:38 IST" name="loginAndInitPage" finished-at="2026-04-28T16:48:39 IST" duration-ms="753" status="PASS">
          <reporter-output>
          </reporter-output>
        </test-method> <!-- loginAndInitPage -->
        <test-method signature="testAddInterviewMode()[pri:1, instance:com.hrms.tests.InterviewModeTest@55183b20]" started-at="2026-04-28T16:48:39 IST" name="testAddInterviewMode" description="Adding a new interview mode with valid data should succeed" finished-at="2026-04-28T16:48:46 IST" duration-ms="6603" status="PASS">
          <reporter-output>
          </reporter-output>
        </test-method> <!-- testAddInterviewMode -->
        <test-method signature="testBlankInterviewModeValidation()[pri:2, instance:com.hrms.tests.InterviewModeTest@55183b20]" started-at="2026-04-28T16:48:46 IST" name="testBlankInterviewModeValidation" description="Verify blank validation for interview mode form" finished-at="2026-04-28T16:48:52 IST" duration-ms="6310" status="PASS">
          <reporter-output>
          </reporter-output>
        </test-method> <!-- testBlankInterviewModeValidation -->
      </class> <!-- com.hrms.tests.InterviewModeTest -->
    </test> <!-- Interview Master Tests -->
    <test started-at="2026-04-28T16:48:52 IST" name="Interview Round Master Tests" finished-at="2026-04-28T16:49:06 IST" duration-ms="13717">
      <class name="com.hrms.tests.InterviewRoundMasterTest">
        <test-method is-config="true" signature="loginAndInitPage()[pri:0, instance:com.hrms.tests.InterviewRoundMasterTest@293a5bf6]" started-at="2026-04-28T16:48:52 IST" name="loginAndInitPage" finished-at="2026-04-28T16:48:53 IST" duration-ms="877" status="PASS">
          <reporter-output>
          </reporter-output>
        </test-method> <!-- loginAndInitPage -->
        <test-method signature="testAddInterviewRound()[pri:1, instance:com.hrms.tests.InterviewRoundMasterTest@293a5bf6]" started-at="2026-04-28T16:48:53 IST" name="testAddInterviewRound" description="Adding a new interview timeline with valid data should succeed" finished-at="2026-04-28T16:48:59 IST" duration-ms="6453" status="PASS">
          <reporter-output>
          </reporter-output>
        </test-method> <!-- testAddInterviewRound -->
        <test-method signature="testBlankInterviewRoundValidation()[pri:2, instance:com.hrms.tests.InterviewRoundMasterTest@293a5bf6]" started-at="2026-04-28T16:48:59 IST" name="testBlankInterviewRoundValidation" description="Verify blank validation for interview timeline form" finished-at="2026-04-28T16:49:06 IST" duration-ms="6386" status="PASS">
          <reporter-output>
          </reporter-output>
        </test-method> <!-- testBlankInterviewRoundValidation -->
      </class> <!-- com.hrms.tests.InterviewRoundMasterTest -->
    </test> <!-- Interview Round Master Tests -->
    <test started-at="2026-04-28T16:49:06 IST" name="Designation master Tests" finished-at="2026-04-28T16:49:18 IST" duration-ms="12382">
      <class name="com.hrms.tests.DesignationmasterTest">
        <test-method is-config="true" signature="loginAndInitPage()[pri:0, instance:com.hrms.tests.DesignationmasterTest@3349e9bb]" started-at="2026-04-28T16:49:06 IST" name="loginAndInitPage" finished-at="2026-04-28T16:49:06 IST" duration-ms="26" status="PASS">
          <reporter-output>
          </reporter-output>
        </test-method> <!-- loginAndInitPage -->
        <test-method signature="testAdddesignation()[pri:1, instance:com.hrms.tests.DesignationmasterTest@3349e9bb]" started-at="2026-04-28T16:49:06 IST" name="testAdddesignation" description="Adding a new Designation with valid data should succeed" finished-at="2026-04-28T16:49:11 IST" duration-ms="4679" status="PASS">
          <reporter-output>
          </reporter-output>
        </test-method> <!-- testAdddesignation -->
        <test-method signature="testDuplicateDesignationValidation()[pri:2, instance:com.hrms.tests.DesignationmasterTest@3349e9bb]" started-at="2026-04-28T16:49:11 IST" name="testDuplicateDesignationValidation" description="Adding a Designation that already exists should show a duplicate error" finished-at="2026-04-28T16:49:17 IST" duration-ms="6080" status="FAIL">
          <exception class="java.lang.AssertionError">
            <message>
              <![CDATA[Duplicate-Designation error should appear expected [true] but found [false]]]>
            </message>
            <full-stacktrace>
              <![CDATA[java.lang.AssertionError: Duplicate-Designation error should appear expected [true] but found [false]
at org.testng.Assert.fail(Assert.java:111)
at org.testng.Assert.failNotEquals(Assert.java:1578)
at org.testng.Assert.assertTrue(Assert.java:57)
at com.hrms.tests.DesignationmasterTest.testDuplicateDesignationValidation(DesignationmasterTest.java:61)
at java.base/jdk.internal.reflect.NativeMethodAccessorImpl.invoke0(Native Method)
at java.base/jdk.internal.reflect.NativeMethodAccessorImpl.invoke(NativeMethodAccessorImpl.java:77)
at java.base/jdk.internal.reflect.DelegatingMethodAccessorImpl.invoke(DelegatingMethodAccessorImpl.java:43)
at java.base/java.lang.reflect.Method.invoke(Method.java:568)
at org.testng.internal.invokers.MethodInvocationHelper.invokeMethod(MethodInvocationHelper.java:141)
at org.testng.internal.invokers.TestInvoker.invokeMethod(TestInvoker.java:686)
at org.testng.internal.invokers.TestInvoker.invokeTestMethod(TestInvoker.java:230)
at org.testng.internal.invokers.MethodRunner.runInSequence(MethodRunner.java:63)
at org.testng.internal.invokers.TestInvoker$MethodInvocationAgent.invoke(TestInvoker.java:992)
at org.testng.internal.invokers.TestInvoker.invokeTestMethods(TestInvoker.java:203)
at org.testng.internal.invokers.TestMethodWorker.invokeTestMethods(TestMethodWorker.java:154)
at org.testng.internal.invokers.TestMethodWorker.run(TestMethodWorker.java:134)
at java.base/java.util.ArrayList.forEach(ArrayList.java:1511)
at org.testng.TestRunner.privateRun(TestRunner.java:739)
at org.testng.TestRunner.run(TestRunner.java:614)
at org.testng.SuiteRunner.runTest(SuiteRunner.java:421)
at org.testng.SuiteRunner.runSequentially(SuiteRunner.java:413)
at org.testng.SuiteRunner.privateRun(SuiteRunner.java:373)
at org.testng.SuiteRunner.run(SuiteRunner.java:312)
at org.testng.SuiteRunnerWorker.runSuite(SuiteRunnerWorker.java:52)
at org.testng.SuiteRunnerWorker.run(SuiteRunnerWorker.java:95)
at org.testng.TestNG.runSuitesSequentially(TestNG.java:1274)
at org.testng.TestNG.runSuitesLocally(TestNG.java:1208)
at org.testng.TestNG.runSuites(TestNG.java:1112)
at org.testng.TestNG.run(TestNG.java:1079)
at org.apache.maven.surefire.testng.TestNGExecutor.run(TestNGExecutor.java:308)
at org.apache.maven.surefire.testng.TestNGXmlTestSuite.execute(TestNGXmlTestSuite.java:71)
at org.apache.maven.surefire.testng.TestNGProvider.invoke(TestNGProvider.java:113)
at org.apache.maven.surefire.booter.ForkedBooter.runSuitesInProcess(ForkedBooter.java:385)
at org.apache.maven.surefire.booter.ForkedBooter.execute(ForkedBooter.java:162)
at org.apache.maven.surefire.booter.ForkedBooter.run(ForkedBooter.java:507)
at org.apache.maven.surefire.booter.ForkedBooter.main(ForkedBooter.java:495)
]]>
            </full-stacktrace>
          </exception> <!-- java.lang.AssertionError -->
          <reporter-output>
          </reporter-output>
        </test-method> <!-- testDuplicateDesignationValidation -->
        <test-method signature="testDeleteCompany()[pri:3, instance:com.hrms.tests.DesignationmasterTest@3349e9bb]" started-at="2026-04-28T16:49:17 IST" name="testDeleteCompany" description="Deleting the last Designation in the list should complete without error" finished-at="2026-04-28T16:49:18 IST" duration-ms="1596" status="PASS">
          <reporter-output>
          </reporter-output>
        </test-method> <!-- testDeleteCompany -->
      </class> <!-- com.hrms.tests.DesignationmasterTest -->
    </test> <!-- Designation master Tests -->
    <test started-at="2026-04-28T16:49:18 IST" name="Department Master Tests" finished-at="2026-04-28T16:49:50 IST" duration-ms="32045">
      <class name="com.hrms.tests.DepartmentmasterTest">
        <test-method is-config="true" signature="suiteSetUp()[pri:0, instance:com.hrms.tests.DepartmentmasterTest@35d019a3]" started-at="2026-04-28T16:47:19 IST" name="suiteSetUp" finished-at="2026-04-28T16:47:40 IST" duration-ms="21205" status="PASS">
          <reporter-output>
          </reporter-output>
        </test-method> <!-- suiteSetUp -->
        <test-method is-config="true" signature="loginAndInitPage()[pri:0, instance:com.hrms.tests.DepartmentmasterTest@35d019a3]" started-at="2026-04-28T16:49:18 IST" name="loginAndInitPage" finished-at="2026-04-28T16:49:18 IST" duration-ms="31" status="PASS">
          <reporter-output>
          </reporter-output>
        </test-method> <!-- loginAndInitPage -->
        <test-method signature="testAddDepartment()[pri:1, instance:com.hrms.tests.DepartmentmasterTest@35d019a3]" started-at="2026-04-28T16:49:18 IST" name="testAddDepartment" description="Adding a new department with valid data should succeed" finished-at="2026-04-28T16:49:23 IST" duration-ms="4846" status="PASS">
          <reporter-output>
          </reporter-output>
        </test-method> <!-- testAddDepartment -->
        <test-method signature="testDuplicateDepartmentValidation()[pri:2, instance:com.hrms.tests.DepartmentmasterTest@35d019a3]" started-at="2026-04-28T16:49:23 IST" name="testDuplicateDepartmentValidation" description="Adding a department that already exists should show a duplicate error" finished-at="2026-04-28T16:49:29 IST" duration-ms="6218" status="FAIL">
          <exception class="java.lang.AssertionError">
            <message>
              <![CDATA[Duplicate-Department error should appear expected [true] but found [false]]]>
            </message>
            <full-stacktrace>
              <![CDATA[java.lang.AssertionError: Duplicate-Department error should appear expected [true] but found [false]
at org.testng.Assert.fail(Assert.java:111)
at org.testng.Assert.failNotEquals(Assert.java:1578)
at org.testng.Assert.assertTrue(Assert.java:57)
at com.hrms.tests.DepartmentmasterTest.testDuplicateDepartmentValidation(DepartmentmasterTest.java:58)
at java.base/jdk.internal.reflect.NativeMethodAccessorImpl.invoke0(Native Method)
at java.base/jdk.internal.reflect.NativeMethodAccessorImpl.invoke(NativeMethodAccessorImpl.java:77)
at java.base/jdk.internal.reflect.DelegatingMethodAccessorImpl.invoke(DelegatingMethodAccessorImpl.java:43)
at java.base/java.lang.reflect.Method.invoke(Method.java:568)
at org.testng.internal.invokers.MethodInvocationHelper.invokeMethod(MethodInvocationHelper.java:141)
at org.testng.internal.invokers.TestInvoker.invokeMethod(TestInvoker.java:686)
at org.testng.internal.invokers.TestInvoker.invokeTestMethod(TestInvoker.java:230)
at org.testng.internal.invokers.MethodRunner.runInSequence(MethodRunner.java:63)
at org.testng.internal.invokers.TestInvoker$MethodInvocationAgent.invoke(TestInvoker.java:992)
at org.testng.internal.invokers.TestInvoker.invokeTestMethods(TestInvoker.java:203)
at org.testng.internal.invokers.TestMethodWorker.invokeTestMethods(TestMethodWorker.java:154)
at org.testng.internal.invokers.TestMethodWorker.run(TestMethodWorker.java:134)
at java.base/java.util.ArrayList.forEach(ArrayList.java:1511)
at org.testng.TestRunner.privateRun(TestRunner.java:739)
at org.testng.TestRunner.run(TestRunner.java:614)
at org.testng.SuiteRunner.runTest(SuiteRunner.java:421)
at org.testng.SuiteRunner.runSequentially(SuiteRunner.java:413)
at org.testng.SuiteRunner.privateRun(SuiteRunner.java:373)
at org.testng.SuiteRunner.run(SuiteRunner.java:312)
at org.testng.SuiteRunnerWorker.runSuite(SuiteRunnerWorker.java:52)
at org.testng.SuiteRunnerWorker.run(SuiteRunnerWorker.java:95)
at org.testng.TestNG.runSuitesSequentially(TestNG.java:1274)
at org.testng.TestNG.runSuitesLocally(TestNG.java:1208)
at org.testng.TestNG.runSuites(TestNG.java:1112)
at org.testng.TestNG.run(TestNG.java:1079)
at org.apache.maven.surefire.testng.TestNGExecutor.run(TestNGExecutor.java:308)
at org.apache.maven.surefire.testng.TestNGXmlTestSuite.execute(TestNGXmlTestSuite.java:71)
at org.apache.maven.surefire.testng.TestNGProvider.invoke(TestNGProvider.java:113)
at org.apache.maven.surefire.booter.ForkedBooter.runSuitesInProcess(ForkedBooter.java:385)
at org.apache.maven.surefire.booter.ForkedBooter.execute(ForkedBooter.java:162)
at org.apache.maven.surefire.booter.ForkedBooter.run(ForkedBooter.java:507)
at org.apache.maven.surefire.booter.ForkedBooter.main(ForkedBooter.java:495)
]]>
            </full-stacktrace>
          </exception> <!-- java.lang.AssertionError -->
          <reporter-output>
          </reporter-output>
        </test-method> <!-- testDuplicateDepartmentValidation -->
        <test-method signature="testDeleteDepartment()[pri:3, instance:com.hrms.tests.DepartmentmasterTest@35d019a3]" started-at="2026-04-28T16:49:29 IST" name="testDeleteDepartment" description="Deleting the last department in the list should complete without error" finished-at="2026-04-28T16:49:50 IST" duration-ms="20949" status="PASS">
          <reporter-output>
          </reporter-output>
        </test-method> <!-- testDeleteDepartment -->
        <test-method is-config="true" signature="suiteTearDown()[pri:0, instance:com.hrms.tests.DepartmentmasterTest@35d019a3]" started-at="2026-04-28T16:49:50 IST" name="suiteTearDown" finished-at="2026-04-28T16:49:56 IST" duration-ms="5711" status="PASS">
          <reporter-output>
          </reporter-output>
        </test-method> <!-- suiteTearDown -->
      </class> <!-- com.hrms.tests.DepartmentmasterTest -->
    </test> <!-- Department Master Tests -->
  </suite> <!-- HRMS Test Suite -->
</testng-results>
