<?xml version="1.0" encoding="UTF-8"?>
<testsuite xmlns:xsi="http://www.w3.org/2001/XMLSchema-instance" xsi:noNamespaceSchemaLocation="https://maven.apache.org/surefire/maven-surefire-plugin/xsd/surefire-test-report-3.0.xsd" version="3.0" name="TestSuite" time="160.131" tests="18" errors="0" skipped="0" failures="3">
  <properties>
[...]
</properties>
  <testcase name="testValidLogin" classname="com.hrms.tests.LoginTest" time="11.243">
    <system-out><![CDATA[
========== PRE-FLIGHT CHECKS ==========
Checking internet connection...
Internet OK
Checking if site is reachable: https://hrms-admin.dealmoneyonline.com/
Site is reachable
========================================


---------- LOGIN ----------
PASS: Login Successful
]]></system-out>
    <system-err><![CDATA[SLF4J: Failed to load class "org.slf4j.impl.StaticLoggerBinder".
SLF4J: Defaulting to no-operation (NOP) logger implementation
SLF4J: See http://www.slf4j.org/codes.html#StaticLoggerBinder for further details.
Apr 28, 2026 4:47:24 PM org.openqa.selenium.devtools.CdpVersionFinder findNearestMatch
WARNING: Unable to find CDP implementation matching 147
Apr 28, 2026 4:47:24 PM org.openqa.selenium.chromium.ChromiumDriver lambda$new$5
WARNING: Unable to find version of CDP to use for 147.0.7727.102. You may need to include a dependency on a specific version of the CDP using something similar to `org.seleniumhq.selenium:selenium-devtools-v86:4.21.0` where the version ("v86") matches the version of the chromium-based browser you're using and the version number of the artifact is the same as Selenium's.
]]></system-err>
  </testcase>
  <testcase name="testEmptyBranchValidation" classname="com.hrms.tests.BranchMasterTest" time="3.659">
    <system-out><![CDATA[
---------- BRANCH MASTER: Empty Validation ----------
PASS: Branch Empty Validation
]]></system-out>
  </testcase>
  <testcase name="testAddBranch" classname="com.hrms.tests.BranchMasterTest" time="4.575">
    <system-out><![CDATA[
---------- BRANCH MASTER: Add Branch ----------
PASS: Branch Form Submitted
]]></system-out>
  </testcase>
  <testcase name="testBranchNameWithNumbers" classname="com.hrms.tests.BranchMasterTest" time="8.952">
    <system-out><![CDATA[
---------- BRANCH MASTER: Invalid Branch Name ----------
PASS: Numeric Branch Name Validation
]]></system-out>
  </testcase>
  <testcase name="testInvalidPhoneNumber" classname="com.hrms.tests.BranchMasterTest" time="9.412">
    <system-out><![CDATA[
---------- BRANCH MASTER: Invalid Phone Number ----------
PASS: Phone Number Validation
]]></system-out>
  </testcase>
  <testcase name="testAddCompany" classname="com.hrms.tests.CompanyMasterTest" time="5.112">
    <system-out><![CDATA[
---------- COMPANY MASTER: Add Company ----------
PASS: Company Added
]]></system-out>
  </testcase>
  <testcase name="testDuplicateCompanyValidation" classname="com.hrms.tests.CompanyMasterTest" time="6.471">
    <failure message="Duplicate-company error should appear expected [true] but found [false]" type="java.lang.AssertionError"><![CDATA[java.lang.AssertionError: Duplicate-company error should appear expected [true] but found [false]
	at org.testng.Assert.fail(Assert.java:111)
	at org.testng.Assert.failNotEquals(Assert.java:1578)
	at org.testng.Assert.assertTrue(Assert.java:57)
	at com.hrms.tests.CompanyMasterTest.testDuplicateCompanyValidation(CompanyMasterTest.java:61)
	at java.base/jdk.internal.reflect.NativeMethodAccessorImpl.invoke0(Native Method)
	at java.base/jdk.internal.reflect.NativeMethodAccessorImpl.invoke(NativeMethodAccessorImpl.java:77)
	at java.base/jdk.internal.reflect.DelegatingMethodAccessorImpl.invoke(DelegatingMethodAccessorImpl.java:43)
	at java.base/java.lang.reflect.Method.invoke(Method.java:568)
	at org.testng.internal.invokers.MethodInvocationHelper.invokeMethod(MethodInvocationHelper.java:141)
	at org.testng.internal.invokers.TestInvoker.invokeMethod(TestInvoker.java:686)
	at org.testng.internal.invokers.TestInvoker.invokeTestMethod(TestInvoker.java:230)
	at org.testng.internal.invokers.MethodRunner.runInSequence(MethodRunner.java:63)
	at org.testng.internal.invokers.TestInvoker$MethodInvocationAgent.invoke(TestInvoker.java:992)
	at org.testng.internal.invokers.TestInvoker.invokeTestMethods(TestInvoker.java:203)
	at org.testng.internal.invokers.TestMethodWorker.invokeTestMethods(TestMethodWorker.java:154)
	at org.testng.internal.invokers.TestMethodWorker.run(TestMethodWorker.java:134)
	at java.base/java.util.ArrayList.forEach(ArrayList.java:1511)
	at org.testng.TestRunner.privateRun(TestRunner.java:739)
	at org.testng.TestRunner.run(TestRunner.java:614)
	at org.testng.SuiteRunner.runTest(SuiteRunner.java:421)
	at org.testng.SuiteRunner.runSequentially(SuiteRunner.java:413)
	at org.testng.SuiteRunner.privateRun(SuiteRunner.java:373)
	at org.testng.SuiteRunner.run(SuiteRunner.java:312)
	at org.testng.SuiteRunnerWorker.runSuite(SuiteRunnerWorker.java:52)
	at org.testng.SuiteRunnerWorker.run(SuiteRunnerWorker.java:95)
	at org.testng.TestNG.runSuitesSequentially(TestNG.java:1274)
	at org.testng.TestNG.runSuitesLocally(TestNG.java:1208)
	at org.testng.TestNG.runSuites(TestNG.java:1112)
	at org.testng.TestNG.run(TestNG.java:1079)
	at org.apache.maven.surefire.testng.TestNGExecutor.run(TestNGExecutor.java:308)
	at org.apache.maven.surefire.testng.TestNGXmlTestSuite.execute(TestNGXmlTestSuite.java:71)
	at org.apache.maven.surefire.testng.TestNGProvider.invoke(TestNGProvider.java:113)
	at org.apache.maven.surefire.booter.ForkedBooter.runSuitesInProcess(ForkedBooter.java:385)
	at org.apache.maven.surefire.booter.ForkedBooter.execute(ForkedBooter.java:162)
	at org.apache.maven.surefire.booter.ForkedBooter.run(ForkedBooter.java:507)
	at org.apache.maven.surefire.booter.ForkedBooter.main(ForkedBooter.java:495)
]]></failure>
    <system-out><![CDATA[
---------- COMPANY MASTER: Duplicate Validation ----------
]]></system-out>
  </testcase>
  <testcase name="testDeleteCompany" classname="com.hrms.tests.CompanyMasterTest" time="1.814">
    <system-out><![CDATA[
---------- COMPANY MASTER: Delete Company ----------
PASS: Delete Action Performed
]]></system-out>
  </testcase>
  <testcase name="testAddInterviewMode" classname="com.hrms.tests.InterviewModeTest" time="6.611">
    <system-out><![CDATA[
========== InterviewMode: Add Interview Mode ==========
✅ PASS: Interview Mode Added Successfully
]]></system-out>
  </testcase>
  <testcase name="testBlankInterviewModeValidation" classname="com.hrms.tests.InterviewModeTest" time="6.326">
    <system-out><![CDATA[
========== InterviewMode: Blank Validation ==========
Is Blank Error Displayed: true
✅ PASS: Blank Validation Working Correctly
]]></system-out>
  </testcase>
  <testcase name="testAddInterviewRound" classname="com.hrms.tests.InterviewRoundMasterTest" time="6.453">
    <system-out><![CDATA[
========== InterviewRoundMaster: Add Timeline ==========
PASS: Interview Timeline Added Successfully
]]></system-out>
  </testcase>
  <testcase name="testBlankInterviewRoundValidation" classname="com.hrms.tests.InterviewRoundMasterTest" time="6.38">
    <system-out><![CDATA[
========== InterviewRoundMaster: Blank Validation ==========
PASS: Blank Validation Working Correctly
]]></system-out>
  </testcase>
  <testcase name="testAdddesignation" classname="com.hrms.tests.DesignationmasterTest" time="4.69">
    <system-out><![CDATA[
---------- DESIGNATION MASTER: Add DESIGNATION ----------
PASS: Designation Added
]]></system-out>
  </testcase>
  <testcase name="testDuplicateDesignationValidation" classname="com.hrms.tests.DesignationmasterTest" time="6.071">
    <failure message="Duplicate-Designation error should appear expected [true] but found [false]" type="java.lang.AssertionError"><![CDATA[java.lang.AssertionError: Duplicate-Designation error should appear expected [true] but found [false]
	at org.testng.Assert.fail(Assert.java:111)
	at org.testng.Assert.failNotEquals(Assert.java:1578)
	at org.testng.Assert.assertTrue(Assert.java:57)
	at com.hrms.tests.DesignationmasterTest.testDuplicateDesignationValidation(DesignationmasterTest.java:61)
	at java.base/jdk.internal.reflect.NativeMethodAccessorImpl.invoke0(Native Method)
	at java.base/jdk.internal.reflect.NativeMethodAccessorImpl.invoke(NativeMethodAccessorImpl.java:77)
	at java.base/jdk.internal.reflect.DelegatingMethodAccessorImpl.invoke(DelegatingMethodAccessorImpl.java:43)
	at java.base/java.lang.reflect.Method.invoke(Method.java:568)
	at org.testng.internal.invokers.MethodInvocationHelper.invokeMethod(MethodInvocationHelper.java:141)
	at org.testng.internal.invokers.TestInvoker.invokeMethod(TestInvoker.java:686)
	at org.testng.internal.invokers.TestInvoker.invokeTestMethod(TestInvoker.java:230)
	at org.testng.internal.invokers.MethodRunner.runInSequence(MethodRunner.java:63)
	at org.testng.internal.invokers.TestInvoker$MethodInvocationAgent.invoke(TestInvoker.java:992)
	at org.testng.internal.invokers.TestInvoker.invokeTestMethods(TestInvoker.java:203)
	at org.testng.internal.invokers.TestMethodWorker.invokeTestMethods(TestMethodWorker.java:154)
	at org.testng.internal.invokers.TestMethodWorker.run(TestMethodWorker.java:134)
	at java.base/java.util.ArrayList.forEach(ArrayList.java:1511)
	at org.testng.TestRunner.privateRun(TestRunner.java:739)
	at org.testng.TestRunner.run(TestRunner.java:614)
	at org.testng.SuiteRunner.runTest(SuiteRunner.java:421)
	at org.testng.SuiteRunner.runSequentially(SuiteRunner.java:413)
	at org.testng.SuiteRunner.privateRun(SuiteRunner.java:373)
	at org.testng.SuiteRunner.run(SuiteRunner.java:312)
	at org.testng.SuiteRunnerWorker.runSuite(SuiteRunnerWorker.java:52)
	at org.testng.SuiteRunnerWorker.run(SuiteRunnerWorker.java:95)
	at org.testng.TestNG.runSuitesSequentially(TestNG.java:1274)
	at org.testng.TestNG.runSuitesLocally(TestNG.java:1208)
	at org.testng.TestNG.runSuites(TestNG.java:1112)
	at org.testng.TestNG.run(TestNG.java:1079)
	at org.apache.maven.surefire.testng.TestNGExecutor.run(TestNGExecutor.java:308)
	at org.apache.maven.surefire.testng.TestNGXmlTestSuite.execute(TestNGXmlTestSuite.java:71)
	at org.apache.maven.surefire.testng.TestNGProvider.invoke(TestNGProvider.java:113)
	at org.apache.maven.surefire.booter.ForkedBooter.runSuitesInProcess(ForkedBooter.java:385)
	at org.apache.maven.surefire.booter.ForkedBooter.execute(ForkedBooter.java:162)
	at org.apache.maven.surefire.booter.ForkedBooter.run(ForkedBooter.java:507)
	at org.apache.maven.surefire.booter.ForkedBooter.main(ForkedBooter.java:495)
]]></failure>
    <system-out><![CDATA[
---------- DESIGNATION MASTER: Duplicate Validation ----------
]]></system-out>
  </testcase>
  <testcase name="testDeleteCompany" classname="com.hrms.tests.DesignationmasterTest" time="1.593">
    <system-out><![CDATA[
---------- Designation MASTER: Delete Designation ----------
PASS: Delete Action Performed
]]></system-out>
  </testcase>
  <testcase name="testAddDepartment" classname="com.hrms.tests.DepartmentmasterTest" time="4.854">
    <system-out><![CDATA[
---------- DEPARTMENT MASTER: Add Department ----------
PASS: Department Added
]]></system-out>
  </testcase>
  <testcase name="testDuplicateDepartmentValidation" classname="com.hrms.tests.DepartmentmasterTest" time="6.19">
    <failure message="Duplicate-Department error should appear expected [true] but found [false]" type="java.lang.AssertionError"><![CDATA[java.lang.AssertionError: Duplicate-Department error should appear expected [true] but found [false]
	at org.testng.Assert.fail(Assert.java:111)
	at org.testng.Assert.failNotEquals(Assert.java:1578)
	at org.testng.Assert.assertTrue(Assert.java:57)
	at com.hrms.tests.DepartmentmasterTest.testDuplicateDepartmentValidation(DepartmentmasterTest.java:58)
	at java.base/jdk.internal.reflect.NativeMethodAccessorImpl.invoke0(Native Method)
	at java.base/jdk.internal.reflect.NativeMethodAccessorImpl.invoke(NativeMethodAccessorImpl.java:77)
	at java.base/jdk.internal.reflect.DelegatingMethodAccessorImpl.invoke(DelegatingMethodAccessorImpl.java:43)
	at java.base/java.lang.reflect.Method.invoke(Method.java:568)
	at org.testng.internal.invokers.MethodInvocationHelper.invokeMethod(MethodInvocationHelper.java:141)
	at org.testng.internal.invokers.TestInvoker.invokeMethod(TestInvoker.java:686)
	at org.testng.internal.invokers.TestInvoker.invokeTestMethod(TestInvoker.java:230)
	at org.testng.internal.invokers.MethodRunner.runInSequence(MethodRunner.java:63)
	at org.testng.internal.invokers.TestInvoker$MethodInvocationAgent.invoke(TestInvoker.java:992)
	at org.testng.internal.invokers.TestInvoker.invokeTestMethods(TestInvoker.java:203)
	at org.testng.internal.invokers.TestMethodWorker.invokeTestMethods(TestMethodWorker.java:154)
	at org.testng.internal.invokers.TestMethodWorker.run(TestMethodWorker.java:134)
	at java.base/java.util.ArrayList.forEach(ArrayList.java:1511)
	at org.testng.TestRunner.privateRun(TestRunner.java:739)
	at org.testng.TestRunner.run(TestRunner.java:614)
	at org.testng.SuiteRunner.runTest(SuiteRunner.java:421)
	at org.testng.SuiteRunner.runSequentially(SuiteRunner.java:413)
	at org.testng.SuiteRunner.privateRun(SuiteRunner.java:373)
	at org.testng.SuiteRunner.run(SuiteRunner.java:312)
	at org.testng.SuiteRunnerWorker.runSuite(SuiteRunnerWorker.java:52)
	at org.testng.SuiteRunnerWorker.run(SuiteRunnerWorker.java:95)
	at org.testng.TestNG.runSuitesSequentially(TestNG.java:1274)
	at org.testng.TestNG.runSuitesLocally(TestNG.java:1208)
	at org.testng.TestNG.runSuites(TestNG.java:1112)
	at org.testng.TestNG.run(TestNG.java:1079)
	at org.apache.maven.surefire.testng.TestNGExecutor.run(TestNGExecutor.java:308)
	at org.apache.maven.surefire.testng.TestNGXmlTestSuite.execute(TestNGXmlTestSuite.java:71)
	at org.apache.maven.surefire.testng.TestNGProvider.invoke(TestNGProvider.java:113)
	at org.apache.maven.surefire.booter.ForkedBooter.runSuitesInProcess(ForkedBooter.java:385)
	at org.apache.maven.surefire.booter.ForkedBooter.execute(ForkedBooter.java:162)
	at org.apache.maven.surefire.booter.ForkedBooter.run(ForkedBooter.java:507)
	at org.apache.maven.surefire.booter.ForkedBooter.main(ForkedBooter.java:495)
]]></failure>
    <system-out><![CDATA[
---------- DEPARTMENT MASTER: Duplicate Validation ----------
]]></system-out>
  </testcase>
  <testcase name="testDeleteDepartment" classname="com.hrms.tests.DepartmentmasterTest" time="20.951">
    <system-out><![CDATA[
---------- DEPARTMENT MASTER: Delete Department ----------
PASS: Delete Action Performed
]]></system-out>
  </testcase>
</testsuite>