<?xml version="1.0" encoding="UTF-8"?>
<!-- Generated by org.testng.reporters.JUnitReportReporter -->
<testsuite hostname="DESKTOP-FTNMASF" failures="0" tests="4" name="com.hrms.tests.BranchMasterTest" time="26.628" errors="0" timestamp="2026-04-28T16:49:57 IST" skipped="0">
  <testcase classname="com.hrms.tests.BranchMasterTest" name="testEmptyBranchValidation" time="3.638"/>
  <testcase classname="com.hrms.tests.BranchMasterTest" name="testAddBranch" time="4.615"/>
  <testcase classname="com.hrms.tests.BranchMasterTest" name="testBranchNameWithNumbers" time="8.961"/>
  <testcase classname="com.hrms.tests.BranchMasterTest" name="testInvalidPhoneNumber" time="9.414"/>
</testsuite> <!-- com.hrms.tests.BranchMasterTest -->
