<?xml version="1.0" encoding="UTF-8"?>
<!-- Generated by org.testng.reporters.JUnitReportReporter -->
<testsuite hostname="DESKTOP-FTNMASF" failures="0" tests="3" name="com.hrms.tests.DepartmentmasterTest" time="17.950" errors="0" timestamp="2026-05-11T13:36:20 IST" skipped="0">
  <testcase classname="com.hrms.tests.DepartmentmasterTest" name="testAddDepartment" time="5.096"/>
  <testcase classname="com.hrms.tests.DepartmentmasterTest" name="testDuplicateDepartmentValidation" time="11.251"/>
  <testcase classname="com.hrms.tests.DepartmentmasterTest" name="testDeleteDepartment" time="1.603"/>
</testsuite> <!-- com.hrms.tests.DepartmentmasterTest -->
