<?xml version="1.0" encoding="UTF-8"?>
<!-- Generated by org.testng.reporters.JUnitReportReporter -->
<testsuite hostname="DESKTOP-FTNMASF" failures="0" tests="2" name="com.hrms.tests.InterviewModeTest" time="12.579" errors="0" timestamp="2026-04-29T15:50:34 IST" skipped="0">
  <testcase classname="com.hrms.tests.InterviewModeTest" name="testAddInterviewMode" time="6.129"/>
  <testcase classname="com.hrms.tests.InterviewModeTest" name="testBlankInterviewModeValidation" time="6.450"/>
</testsuite> <!-- com.hrms.tests.InterviewModeTest -->
