<?xml version="1.0" encoding="UTF-8"?>
<!-- Generated by org.testng.reporters.JUnitReportReporter -->
<testsuite hostname="DESKTOP-FTNMASF" failures="0" tests="2" name="com.hrms.tests.InterviewRoundMasterTest" time="12.839" errors="0" timestamp="2026-04-28T16:49:57 IST" skipped="0">
  <testcase classname="com.hrms.tests.InterviewRoundMasterTest" name="testAddInterviewRound" time="6.453"/>
  <testcase classname="com.hrms.tests.InterviewRoundMasterTest" name="testBlankInterviewRoundValidation" time="6.386"/>
</testsuite> <!-- com.hrms.tests.InterviewRoundMasterTest -->
