<?xml version="1.0" encoding="UTF-8"?>
<!-- Generated by org.testng.reporters.JUnitReportReporter -->
<testsuite hostname="DESKTOP-FTNMASF" failures="0" tests="2" name="com.hrms.tests.InterviewModeTest" time="12.913" errors="0" timestamp="2026-04-28T16:49:57 IST" skipped="0">
  <testcase classname="com.hrms.tests.InterviewModeTest" name="testAddInterviewMode" time="6.603"/>
  <testcase classname="com.hrms.tests.InterviewModeTest" name="testBlankInterviewModeValidation" time="6.310"/>
</testsuite> <!-- com.hrms.tests.InterviewModeTest -->
