<?xml version="1.0" encoding="UTF-8"?>
<!-- Generated by org.testng.reporters.JUnitReportReporter -->
<testsuite hostname="DESKTOP-FTNMASF" failures="0" tests="4" name="com.hrms.tests.BranchMasterTest" time="61.553" errors="0" timestamp="2026-05-11T13:36:20 IST" skipped="0">
  <testcase classname="com.hrms.tests.BranchMasterTest" name="testEmptyBranchValidation" time="3.825"/>
  <testcase classname="com.hrms.tests.BranchMasterTest" name="testAddBranch" time="5.441"/>
  <testcase classname="com.hrms.tests.BranchMasterTest" name="testBranchNameWithNumbers" time="41.587"/>
  <testcase classname="com.hrms.tests.BranchMasterTest" name="testInvalidPhoneNumber" time="10.700"/>
</testsuite> <!-- com.hrms.tests.BranchMasterTest -->
