<?xml version="1.0" encoding="UTF-8"?>
<!-- Generated by org.testng.reporters.JUnitReportReporter -->
<testsuite hostname="DESKTOP-FTNMASF" failures="0" tests="3" name="com.hrms.tests.GrademasterTest" time="35.939" errors="0" timestamp="2026-05-11T13:36:20 IST" skipped="0">
  <testcase classname="com.hrms.tests.GrademasterTest" name="testAddGrade" time="4.771"/>
  <testcase classname="com.hrms.tests.GrademasterTest" name="testDuplicateGradeValidation" time="10.581"/>
  <testcase classname="com.hrms.tests.GrademasterTest" name="testDeleteGrade" time="20.587"/>
</testsuite> <!-- com.hrms.tests.GrademasterTest -->
