<?xml version="1.0" encoding="UTF-8"?>
<!-- Generated by org.testng.reporters.JUnitReportReporter -->
<testsuite hostname="DESKTOP-FTNMASF" failures="0" tests="2" name="com.hrms.tests.InterviewRoundMasterTest" time="12.840" errors="0" timestamp="2026-04-24T18:10:24 IST" skipped="0">
  <testcase classname="com.hrms.tests.InterviewRoundMasterTest" name="testAddInterviewRound" time="6.557"/>
  <testcase classname="com.hrms.tests.InterviewRoundMasterTest" name="testBlankInterviewRoundValidation" time="6.283"/>
</testsuite> <!-- com.hrms.tests.InterviewRoundMasterTest -->
