<?xml version="1.0" encoding="UTF-8"?>
<!-- Generated by org.testng.reporters.JUnitReportReporter -->
<testsuite hostname="DESKTOP-FTNMASF" failures="0" tests="3" name="com.hrms.tests.GrademasterTest" time="36.691" errors="0" timestamp="2026-04-29T15:50:34 IST" skipped="0">
  <testcase classname="com.hrms.tests.GrademasterTest" name="testAddGrade" time="4.640"/>
  <testcase classname="com.hrms.tests.GrademasterTest" name="testDuplicateGradeValidation" time="10.477"/>
  <testcase classname="com.hrms.tests.GrademasterTest" name="testDeleteGrade" time="21.574"/>
</testsuite> <!-- com.hrms.tests.GrademasterTest -->
