<?xml version="1.0" encoding="UTF-8"?>
<!-- Generated by org.testng.reporters.JUnitReportReporter -->
<testsuite hostname="DESKTOP-FTNMASF" failures="0" tests="3" name="com.hrms.tests.DesignationmasterTest" time="17.745" errors="0" timestamp="2026-05-11T13:36:20 IST" skipped="0">
  <testcase classname="com.hrms.tests.DesignationmasterTest" name="testAdddesignation" time="5.134"/>
  <testcase classname="com.hrms.tests.DesignationmasterTest" name="testDuplicateDesignationValidation" time="11.084"/>
  <testcase classname="com.hrms.tests.DesignationmasterTest" name="testDeleteCompany" time="1.527"/>
</testsuite> <!-- com.hrms.tests.DesignationmasterTest -->
