<?xml version="1.0" encoding="UTF-8"?>
<!-- Generated by org.testng.reporters.JUnitReportReporter -->
<testsuite hostname="DESKTOP-FTNMASF" failures="0" tests="6" name="com.hrms.tests.LettermanagementMasterTest" time="27.879" errors="0" timestamp="2026-05-11T13:36:20 IST" skipped="0">
  <testcase classname="com.hrms.tests.LettermanagementMasterTest" name="testPageTitle" time="2.103"/>
  <testcase classname="com.hrms.tests.LettermanagementMasterTest" name="testSelectTemplate" time="3.408"/>
  <testcase classname="com.hrms.tests.LettermanagementMasterTest" name="testSelectFieldVariable" time="4.632"/>
  <testcase classname="com.hrms.tests.LettermanagementMasterTest" name="testEditorAcceptsInput" time="3.701"/>
  <testcase classname="com.hrms.tests.LettermanagementMasterTest" name="testMandatoryValidation" time="6.889"/>
  <testcase classname="com.hrms.tests.LettermanagementMasterTest" name="testSubmitWithValidData" time="7.146"/>
</testsuite> <!-- com.hrms.tests.LettermanagementMasterTest -->
