<?xml version="1.0" encoding="UTF-8"?>
<!-- Generated by org.testng.reporters.JUnitReportReporter -->
<testsuite hostname="DESKTOP-FTNMASF" failures="0" tests="3" name="com.hrms.tests.DepartmentmasterTest" time="17.801" errors="0" timestamp="2026-04-29T15:50:34 IST" skipped="0">
  <testcase classname="com.hrms.tests.DepartmentmasterTest" name="testAddDepartment" time="4.848"/>
  <testcase classname="com.hrms.tests.DepartmentmasterTest" name="testDuplicateDepartmentValidation" time="11.261"/>
  <testcase classname="com.hrms.tests.DepartmentmasterTest" name="testDeleteDepartment" time="1.692"/>
</testsuite> <!-- com.hrms.tests.DepartmentmasterTest -->
