<?xml version="1.0" encoding="UTF-8"?>
<!-- Generated by org.testng.reporters.JUnitReportReporter -->
<testsuite hostname="DESKTOP-FTNMASF" failures="0" tests="3" name="com.hrms.tests.DivisionmasterTest" time="36.758" errors="0" timestamp="2026-05-11T13:36:20 IST" skipped="0">
  <testcase classname="com.hrms.tests.DivisionmasterTest" name="testAddDivision" time="4.464"/>
  <testcase classname="com.hrms.tests.DivisionmasterTest" name="testDuplicateDivisionValidation" time="11.340"/>
  <testcase classname="com.hrms.tests.DivisionmasterTest" name="testDeleteDivision" time="20.954"/>
</testsuite> <!-- com.hrms.tests.DivisionmasterTest -->
