<?xml version="1.0" encoding="UTF-8"?>
<!-- Generated by org.testng.reporters.JUnitReportReporter -->
<testsuite hostname="DESKTOP-FTNMASF" failures="0" tests="3" name="com.hrms.tests.CompanyMasterTest" time="17.283" errors="0" timestamp="2026-04-29T15:50:34 IST" skipped="0">
  <testcase classname="com.hrms.tests.CompanyMasterTest" name="testAddCompany" time="4.929"/>
  <testcase classname="com.hrms.tests.CompanyMasterTest" name="testDuplicateCompanyValidation" time="10.671"/>
  <testcase classname="com.hrms.tests.CompanyMasterTest" name="testDeleteCompany" time="1.683"/>
</testsuite> <!-- com.hrms.tests.CompanyMasterTest -->
