<?xml version="1.0" encoding="UTF-8"?>
<!-- Generated by org.testng.reporters.JUnitReportReporter -->
<testsuite hostname="DESKTOP-FTNMASF" failures="0" tests="3" name="com.hrms.tests.HolidayMasterTest" time="36.390" errors="0" timestamp="2026-05-11T13:36:20 IST" skipped="0">
  <testcase classname="com.hrms.tests.HolidayMasterTest" name="testAddHoliday" time="4.901"/>
  <testcase classname="com.hrms.tests.HolidayMasterTest" name="testDuplicateHolidayValidation" time="10.767"/>
  <testcase classname="com.hrms.tests.HolidayMasterTest" name="testDeleteHoliday" time="20.722"/>
</testsuite> <!-- com.hrms.tests.HolidayMasterTest -->
