<?xml version="1.0" encoding="UTF-8"?>
<!-- Generated by org.testng.reporters.JUnitReportReporter -->
<testsuite hostname="DESKTOP-FTNMASF" failures="0" tests="3" name="com.hrms.tests.LocationMasterTest" time="64.345" errors="0" timestamp="2026-05-11T13:36:20 IST" skipped="0">
  <testcase classname="com.hrms.tests.LocationMasterTest" name="testAddLocation" time="6.925"/>
  <testcase classname="com.hrms.tests.LocationMasterTest" name="testDuplicateLocationValidation" time="14.896"/>
  <testcase classname="com.hrms.tests.LocationMasterTest" name="testDeleteLocation" time="42.524"/>
</testsuite> <!-- com.hrms.tests.LocationMasterTest -->
